{"/Users/develcode148/Documents/teste_software_banc-rio/bank/cucumber.js": {"path":"/Users/develcode148/Documents/teste_software_banc-rio/bank/cucumber.js","statementMap":{"0":{"start":{"line":1,"column":0},"end":{"line":11,"column":2}}},"fnMap":{},"branchMap":{},"s":{"0":0},"f":{},"b":{}}
,"/Users/develcode148/Documents/teste_software_banc-rio/bank/src/app.controller.ts": {"path":"/Users/develcode148/Documents/teste_software_banc-rio/bank/src/app.controller.ts","statementMap":{"0":{"start":{"line":1,"column":0},"end":{"line":1,"column":49}},"1":{"start":{"line":4,"column":7},"end":{"line":9,"column":null}},"2":{"start":{"line":7,"column":4},"end":{"line":7,"column":26}},"3":{"start":{"line":4,"column":13},"end":{"line":4,"column":26}},"4":{"start":{"line":6,"column":2},"end":{"line":8,"column":null}},"5":{"start":{"line":4,"column":13},"end":{"line":9,"column":null}}},"fnMap":{"0":{"name":"(anonymous_2)","decl":{"start":{"line":6,"column":2},"end":{"line":6,"column":10}},"loc":{"start":{"line":6,"column":10},"end":{"line":8,"column":3}}}},"branchMap":{},"s":{"0":8,"1":8,"2":0,"3":8,"4":8,"5":8},"f":{"0":0},"b":{}}
,"/Users/develcode148/Documents/teste_software_banc-rio/bank/src/app.module.ts": {"path":"/Users/develcode148/Documents/teste_software_banc-rio/bank/src/app.module.ts","statementMap":{"0":{"start":{"line":1,"column":0},"end":{"line":1,"column":40}},"1":{"start":{"line":2,"column":0},"end":{"line":2,"column":49}},"2":{"start":{"line":3,"column":0},"end":{"line":3,"column":54}},"3":{"start":{"line":4,"column":0},"end":{"line":4,"column":57}},"4":{"start":{"line":5,"column":0},"end":{"line":5,"column":42}},"5":{"start":{"line":6,"column":0},"end":{"line":6,"column":85}},"6":{"start":{"line":18,"column":7},"end":{"line":18,"column":null}},"7":{"start":{"line":18,"column":13},"end":{"line":18,"column":22}},"8":{"start":{"line":18,"column":13},"end":{"line":18,"column":null}}},"fnMap":{},"branchMap":{},"s":{"0":8,"1":8,"2":8,"3":8,"4":8,"5":8,"6":8,"7":8,"8":8},"f":{},"b":{}}
,"/Users/develcode148/Documents/teste_software_banc-rio/bank/src/main.ts": {"path":"/Users/develcode148/Documents/teste_software_banc-rio/bank/src/main.ts","statementMap":{"0":{"start":{"line":1,"column":0},"end":{"line":1,"column":43}},"1":{"start":{"line":2,"column":0},"end":{"line":2,"column":41}},"2":{"start":{"line":5,"column":14},"end":{"line":5,"column":49}},"3":{"start":{"line":6,"column":2},"end":{"line":6,"column":45}},"4":{"start":{"line":8,"column":0},"end":{"line":8,"column":12}}},"fnMap":{"0":{"name":"bootstrap","decl":{"start":{"line":4,"column":15},"end":{"line":4,"column":24}},"loc":{"start":{"line":4,"column":24},"end":{"line":7,"column":1}}}},"branchMap":{"0":{"loc":{"start":{"line":6,"column":19},"end":{"line":6,"column":43}},"type":"binary-expr","locations":[{"start":{"line":6,"column":19},"end":{"line":6,"column":35}},{"start":{"line":6,"column":39},"end":{"line":6,"column":43}}]}},"s":{"0":0,"1":0,"2":0,"3":0,"4":0},"f":{"0":0},"b":{"0":[0,0]}}
,"/Users/develcode148/Documents/teste_software_banc-rio/bank/src/account/account.controller.ts": {"path":"/Users/develcode148/Documents/teste_software_banc-rio/bank/src/account/account.controller.ts","statementMap":{"0":{"start":{"line":1,"column":0},"end":{"line":1,"column":null}},"1":{"start":{"line":10,"column":0},"end":{"line":10,"column":51}},"2":{"start":{"line":11,"column":0},"end":{"line":11,"column":65}},"3":{"start":{"line":14,"column":7},"end":{"line":64,"column":null}},"4":{"start":{"line":15,"column":31},"end":{"line":15,"column":47}},"5":{"start":{"line":19,"column":4},"end":{"line":19,"column":41}},"6":{"start":{"line":25,"column":20},"end":{"line":25,"column":52}},"7":{"start":{"line":26,"column":4},"end":{"line":29,"column":5}},"8":{"start":{"line":28,"column":6},"end":{"line":28,"column":65}},"9":{"start":{"line":30,"column":4},"end":{"line":30,"column":19}},"10":{"start":{"line":35,"column":21},"end":{"line":35,"column":64}},"11":{"start":{"line":36,"column":4},"end":{"line":36,"column":32}},"12":{"start":{"line":48,"column":4},"end":{"line":52,"column":6}},"13":{"start":{"line":57,"column":4},"end":{"line":57,"column":50}},"14":{"start":{"line":62,"column":4},"end":{"line":62,"column":47}},"15":{"start":{"line":14,"column":13},"end":{"line":14,"column":30}},"16":{"start":{"line":18,"column":2},"end":{"line":20,"column":null}},"17":{"start":{"line":23,"column":2},"end":{"line":31,"column":null}},"18":{"start":{"line":34,"column":2},"end":{"line":37,"column":null}},"19":{"start":{"line":40,"column":2},"end":{"line":53,"column":null}},"20":{"start":{"line":56,"column":2},"end":{"line":58,"column":null}},"21":{"start":{"line":61,"column":2},"end":{"line":63,"column":null}},"22":{"start":{"line":14,"column":13},"end":{"line":64,"column":null}}},"fnMap":{"0":{"name":"(anonymous_13)","decl":{"start":{"line":15,"column":2},"end":{"line":15,"column":31}},"loc":{"start":{"line":15,"column":61},"end":{"line":15,"column":65}}},"1":{"name":"(anonymous_14)","decl":{"start":{"line":18,"column":2},"end":{"line":18,"column":9}},"loc":{"start":{"line":18,"column":9},"end":{"line":20,"column":3}}},"2":{"name":"(anonymous_15)","decl":{"start":{"line":23,"column":2},"end":{"line":23,"column":9}},"loc":{"start":{"line":23,"column":33},"end":{"line":31,"column":3}}},"3":{"name":"(anonymous_16)","decl":{"start":{"line":34,"column":2},"end":{"line":34,"column":20}},"loc":{"start":{"line":34,"column":44},"end":{"line":37,"column":3}}},"4":{"name":"(anonymous_17)","decl":{"start":{"line":40,"column":2},"end":{"line":40,"column":10}},"loc":{"start":{"line":46,"column":5},"end":{"line":53,"column":3}}},"5":{"name":"(anonymous_18)","decl":{"start":{"line":56,"column":2},"end":{"line":56,"column":19}},"loc":{"start":{"line":56,"column":43},"end":{"line":58,"column":3}}},"6":{"name":"(anonymous_19)","decl":{"start":{"line":61,"column":2},"end":{"line":61,"column":17}},"loc":{"start":{"line":61,"column":41},"end":{"line":63,"column":3}}}},"branchMap":{"0":{"loc":{"start":{"line":26,"column":4},"end":{"line":29,"column":5}},"type":"if","locations":[{"start":{"line":26,"column":4},"end":{"line":29,"column":5}},{"start":{},"end":{}}]},"1":{"loc":{"start":{"line":23,"column":36},"end":{"line":23,"column":null}},"type":"cond-expr","locations":[{"start":{"line":23,"column":61},"end":{"line":23,"column":null}},{"start":{"line":23,"column":61},"end":{"line":23,"column":null}}]},"2":{"loc":{"start":{"line":23,"column":36},"end":{"line":23,"column":61}},"type":"binary-expr","locations":[{"start":{"line":23,"column":36},"end":{"line":23,"column":54}},{"start":{"line":23,"column":36},"end":{"line":23,"column":61}}]},"3":{"loc":{"start":{"line":15,"column":47},"end":{"line":15,"column":64}},"type":"cond-expr","locations":[{"start":{"line":15,"column":61},"end":{"line":15,"column":64}},{"start":{"line":15,"column":61},"end":{"line":15,"column":64}}]},"4":{"loc":{"start":{"line":15,"column":47},"end":{"line":15,"column":61}},"type":"binary-expr","locations":[{"start":{"line":15,"column":47},"end":{"line":15,"column":64}},{"start":{"line":15,"column":47},"end":{"line":15,"column":61}}]}},"s":{"0":9,"1":9,"2":9,"3":9,"4":14,"5":2,"6":3,"7":3,"8":1,"9":2,"10":4,"11":3,"12":10,"13":1,"14":1,"15":9,"16":9,"17":9,"18":9,"19":9,"20":9,"21":9,"22":9},"f":{"0":14,"1":2,"2":3,"3":4,"4":10,"5":1,"6":1},"b":{"0":[1,2],"1":[0,9],"2":[9,9],"3":[9,0],"4":[9,9]}}
,"/Users/develcode148/Documents/teste_software_banc-rio/bank/src/account/account.module.ts": {"path":"/Users/develcode148/Documents/teste_software_banc-rio/bank/src/account/account.module.ts","statementMap":{"0":{"start":{"line":1,"column":0},"end":{"line":1,"column":40}},"1":{"start":{"line":2,"column":0},"end":{"line":2,"column":51}},"2":{"start":{"line":3,"column":0},"end":{"line":3,"column":57}},"3":{"start":{"line":4,"column":0},"end":{"line":4,"column":73}},"4":{"start":{"line":11,"column":7},"end":{"line":11,"column":null}},"5":{"start":{"line":11,"column":13},"end":{"line":11,"column":26}},"6":{"start":{"line":11,"column":13},"end":{"line":11,"column":null}}},"fnMap":{},"branchMap":{},"s":{"0":8,"1":8,"2":8,"3":8,"4":8,"5":8,"6":8},"f":{},"b":{}}
,"/Users/develcode148/Documents/teste_software_banc-rio/bank/src/account/account.service.ts": {"path":"/Users/develcode148/Documents/teste_software_banc-rio/bank/src/account/account.service.ts","statementMap":{"0":{"start":{"line":1,"column":0},"end":{"line":1,"column":null}},"1":{"start":{"line":7,"column":0},"end":{"line":7,"column":null}},"2":{"start":{"line":13,"column":7},"end":{"line":100,"column":null}},"3":{"start":{"line":14,"column":31},"end":{"line":14,"column":50}},"4":{"start":{"line":17,"column":4},"end":{"line":17,"column":50}},"5":{"start":{"line":21,"column":4},"end":{"line":21,"column":49}},"6":{"start":{"line":26,"column":20},"end":{"line":26,"column":57}},"7":{"start":{"line":27,"column":4},"end":{"line":29,"column":5}},"8":{"start":{"line":28,"column":6},"end":{"line":28,"column":65}},"9":{"start":{"line":30,"column":4},"end":{"line":30,"column":25}},"10":{"start":{"line":40,"column":4},"end":{"line":42,"column":5}},"11":{"start":{"line":41,"column":6},"end":{"line":41,"column":69}},"12":{"start":{"line":44,"column":4},"end":{"line":48,"column":5}},"13":{"start":{"line":45,"column":6},"end":{"line":47,"column":8}},"14":{"start":{"line":50,"column":24},"end":{"line":50,"column":72}},"15":{"start":{"line":51,"column":25},"end":{"line":51,"column":74}},"16":{"start":{"line":54,"column":4},"end":{"line":56,"column":5}},"17":{"start":{"line":55,"column":6},"end":{"line":55,"column":79}},"18":{"start":{"line":59,"column":4},"end":{"line":61,"column":5}},"19":{"start":{"line":60,"column":6},"end":{"line":60,"column":67}},"20":{"start":{"line":64,"column":4},"end":{"line":68,"column":5}},"21":{"start":{"line":65,"column":6},"end":{"line":67,"column":8}},"22":{"start":{"line":71,"column":4},"end":{"line":71,"column":31}},"23":{"start":{"line":72,"column":4},"end":{"line":72,"column":32}},"24":{"start":{"line":75,"column":4},"end":{"line":75,"column":69}},"25":{"start":{"line":76,"column":4},"end":{"line":76,"column":71}},"26":{"start":{"line":78,"column":4},"end":{"line":78,"column":16}},"27":{"start":{"line":82,"column":18},"end":{"line":82,"column":55}},"28":{"start":{"line":83,"column":4},"end":{"line":87,"column":5}},"29":{"start":{"line":84,"column":6},"end":{"line":84,"column":26}},"30":{"start":{"line":85,"column":6},"end":{"line":85,"column":54}},"31":{"start":{"line":86,"column":6},"end":{"line":86,"column":18}},"32":{"start":{"line":88,"column":4},"end":{"line":88,"column":17}},"33":{"start":{"line":92,"column":18},"end":{"line":92,"column":55}},"34":{"start":{"line":93,"column":4},"end":{"line":97,"column":5}},"35":{"start":{"line":94,"column":6},"end":{"line":94,"column":25}},"36":{"start":{"line":95,"column":6},"end":{"line":95,"column":54}},"37":{"start":{"line":96,"column":6},"end":{"line":96,"column":18}},"38":{"start":{"line":98,"column":4},"end":{"line":98,"column":17}},"39":{"start":{"line":13,"column":13},"end":{"line":13,"column":27}},"40":{"start":{"line":13,"column":13},"end":{"line":100,"column":null}}},"fnMap":{"0":{"name":"(anonymous_2)","decl":{"start":{"line":14,"column":2},"end":{"line":14,"column":31}},"loc":{"start":{"line":14,"column":67},"end":{"line":14,"column":71}}},"1":{"name":"(anonymous_3)","decl":{"start":{"line":16,"column":2},"end":{"line":16,"column":9}},"loc":{"start":{"line":16,"column":9},"end":{"line":18,"column":3}}},"2":{"name":"(anonymous_4)","decl":{"start":{"line":20,"column":2},"end":{"line":20,"column":9}},"loc":{"start":{"line":20,"column":20},"end":{"line":22,"column":3}}},"3":{"name":"(anonymous_5)","decl":{"start":{"line":25,"column":2},"end":{"line":25,"column":20}},"loc":{"start":{"line":25,"column":31},"end":{"line":31,"column":3}}},"4":{"name":"(anonymous_6)","decl":{"start":{"line":35,"column":2},"end":{"line":35,"column":10}},"loc":{"start":{"line":38,"column":17},"end":{"line":79,"column":3}}},"5":{"name":"(anonymous_7)","decl":{"start":{"line":81,"column":2},"end":{"line":81,"column":15}},"loc":{"start":{"line":81,"column":26},"end":{"line":89,"column":3}}},"6":{"name":"(anonymous_8)","decl":{"start":{"line":91,"column":2},"end":{"line":91,"column":12}},"loc":{"start":{"line":91,"column":23},"end":{"line":99,"column":3}}}},"branchMap":{"0":{"loc":{"start":{"line":27,"column":4},"end":{"line":29,"column":5}},"type":"if","locations":[{"start":{"line":27,"column":4},"end":{"line":29,"column":5}},{"start":{},"end":{}}]},"1":{"loc":{"start":{"line":40,"column":4},"end":{"line":42,"column":5}},"type":"if","locations":[{"start":{"line":40,"column":4},"end":{"line":42,"column":5}},{"start":{},"end":{}}]},"2":{"loc":{"start":{"line":44,"column":4},"end":{"line":48,"column":5}},"type":"if","locations":[{"start":{"line":44,"column":4},"end":{"line":48,"column":5}},{"start":{},"end":{}}]},"3":{"loc":{"start":{"line":54,"column":4},"end":{"line":56,"column":5}},"type":"if","locations":[{"start":{"line":54,"column":4},"end":{"line":56,"column":5}},{"start":{},"end":{}}]},"4":{"loc":{"start":{"line":54,"column":8},"end":{"line":54,"column":37}},"type":"binary-expr","locations":[{"start":{"line":54,"column":8},"end":{"line":54,"column":20}},{"start":{"line":54,"column":24},"end":{"line":54,"column":37}}]},"5":{"loc":{"start":{"line":59,"column":4},"end":{"line":61,"column":5}},"type":"if","locations":[{"start":{"line":59,"column":4},"end":{"line":61,"column":5}},{"start":{},"end":{}}]},"6":{"loc":{"start":{"line":59,"column":8},"end":{"line":59,"column":49}},"type":"binary-expr","locations":[{"start":{"line":59,"column":8},"end":{"line":59,"column":26}},{"start":{"line":59,"column":30},"end":{"line":59,"column":49}}]},"7":{"loc":{"start":{"line":64,"column":4},"end":{"line":68,"column":5}},"type":"if","locations":[{"start":{"line":64,"column":4},"end":{"line":68,"column":5}},{"start":{},"end":{}}]},"8":{"loc":{"start":{"line":83,"column":4},"end":{"line":87,"column":5}},"type":"if","locations":[{"start":{"line":83,"column":4},"end":{"line":87,"column":5}},{"start":{},"end":{}}]},"9":{"loc":{"start":{"line":93,"column":4},"end":{"line":97,"column":5}},"type":"if","locations":[{"start":{"line":93,"column":4},"end":{"line":97,"column":5}},{"start":{},"end":{}}]},"10":{"loc":{"start":{"line":14,"column":50},"end":{"line":14,"column":70}},"type":"cond-expr","locations":[{"start":{"line":14,"column":67},"end":{"line":14,"column":70}},{"start":{"line":14,"column":67},"end":{"line":14,"column":70}}]},"11":{"loc":{"start":{"line":14,"column":50},"end":{"line":14,"column":67}},"type":"binary-expr","locations":[{"start":{"line":14,"column":50},"end":{"line":14,"column":70}},{"start":{"line":14,"column":50},"end":{"line":14,"column":67}}]}},"s":{"0":10,"1":10,"2":10,"3":23,"4":2,"5":3,"6":6,"7":6,"8":2,"9":4,"10":20,"11":4,"12":16,"13":3,"14":13,"15":13,"16":13,"17":4,"18":9,"19":4,"20":5,"21":3,"22":2,"23":2,"24":2,"25":2,"26":2,"27":2,"28":2,"29":1,"30":1,"31":1,"32":1,"33":2,"34":2,"35":1,"36":1,"37":1,"38":1,"39":10,"40":10},"f":{"0":23,"1":2,"2":3,"3":6,"4":20,"5":2,"6":2},"b":{"0":[2,4],"1":[4,16],"2":[3,13],"3":[4,9],"4":[13,10],"5":[4,5],"6":[9,6],"7":[3,2],"8":[1,1],"9":[1,1],"10":[10,0],"11":[10,10]}}
,"/Users/develcode148/Documents/teste_software_banc-rio/bank/src/account/dto/create-account.dto.ts": {"path":"/Users/develcode148/Documents/teste_software_banc-rio/bank/src/account/dto/create-account.dto.ts","statementMap":{"0":{"start":{"line":1,"column":0},"end":{"line":1,"column":13}}},"fnMap":{},"branchMap":{},"s":{"0":0},"f":{},"b":{}}
,"/Users/develcode148/Documents/teste_software_banc-rio/bank/src/account/dto/update-account.dto.ts": {"path":"/Users/develcode148/Documents/teste_software_banc-rio/bank/src/account/dto/update-account.dto.ts","statementMap":{"0":{"start":{"line":1,"column":0},"end":{"line":1,"column":51}},"1":{"start":{"line":2,"column":0},"end":{"line":2,"column":56}},"2":{"start":{"line":4,"column":0},"end":{"line":4,"column":13}}},"fnMap":{},"branchMap":{},"s":{"0":0,"1":0,"2":0},"f":{},"b":{}}
,"/Users/develcode148/Documents/teste_software_banc-rio/bank/src/account/entity/account.repository.ts": {"path":"/Users/develcode148/Documents/teste_software_banc-rio/bank/src/account/entity/account.repository.ts","statementMap":{"0":{"start":{"line":3,"column":0},"end":{"line":3,"column":44}},"1":{"start":{"line":7,"column":7},"end":{"line":81,"column":null}},"2":{"start":{"line":8,"column":32},"end":{"line":8,"column":34}},"3":{"start":{"line":11,"column":29},"end":{"line":15,"column":6}},"4":{"start":{"line":16,"column":4},"end":{"line":16,"column":32}},"5":{"start":{"line":17,"column":4},"end":{"line":17,"column":19}},"6":{"start":{"line":21,"column":4},"end":{"line":21,"column":69}},"7":{"start":{"line":21,"column":43},"end":{"line":21,"column":67}},"8":{"start":{"line":25,"column":4},"end":{"line":25,"column":69}},"9":{"start":{"line":25,"column":43},"end":{"line":25,"column":67}},"10":{"start":{"line":35,"column":4},"end":{"line":37,"column":5}},"11":{"start":{"line":36,"column":6},"end":{"line":36,"column":27}},"12":{"start":{"line":38,"column":4},"end":{"line":38,"column":50}},"13":{"start":{"line":45,"column":28},"end":{"line":45,"column":54}},"14":{"start":{"line":46,"column":4},"end":{"line":48,"column":5}},"15":{"start":{"line":47,"column":6},"end":{"line":47,"column":23}},"16":{"start":{"line":50,"column":25},"end":{"line":51,"column":null}},"17":{"start":{"line":51,"column":19},"end":{"line":51,"column":43}},"18":{"start":{"line":53,"column":4},"end":{"line":55,"column":5}},"19":{"start":{"line":54,"column":6},"end":{"line":54,"column":23}},"20":{"start":{"line":56,"column":4},"end":{"line":56,"column":31}},"21":{"start":{"line":57,"column":4},"end":{"line":57,"column":46}},"22":{"start":{"line":58,"column":4},"end":{"line":58,"column":23}},"23":{"start":{"line":62,"column":25},"end":{"line":63,"column":null}},"24":{"start":{"line":63,"column":19},"end":{"line":63,"column":43}},"25":{"start":{"line":65,"column":4},"end":{"line":67,"column":5}},"26":{"start":{"line":66,"column":6},"end":{"line":66,"column":19}},"27":{"start":{"line":68,"column":4},"end":{"line":68,"column":42}},"28":{"start":{"line":69,"column":4},"end":{"line":69,"column":16}},"29":{"start":{"line":73,"column":4},"end":{"line":73,"column":23}},"30":{"start":{"line":77,"column":4},"end":{"line":79,"column":10}},"31":{"start":{"line":78,"column":51},"end":{"line":78,"column":61}},"32":{"start":{"line":7,"column":13},"end":{"line":7,"column":30}},"33":{"start":{"line":7,"column":13},"end":{"line":81,"column":null}}},"fnMap":{"0":{"name":"(anonymous_1)","decl":{"start":{"line":10,"column":9},"end":{"line":10,"column":19}},"loc":{"start":{"line":10,"column":35},"end":{"line":18,"column":3}}},"1":{"name":"(anonymous_2)","decl":{"start":{"line":20,"column":9},"end":{"line":20,"column":22}},"loc":{"start":{"line":20,"column":40},"end":{"line":22,"column":3}}},"2":{"name":"(anonymous_3)","decl":{"start":{"line":21,"column":30},"end":{"line":21,"column":31}},"loc":{"start":{"line":21,"column":43},"end":{"line":21,"column":67}}},"3":{"name":"(anonymous_4)","decl":{"start":{"line":24,"column":9},"end":{"line":24,"column":19}},"loc":{"start":{"line":24,"column":37},"end":{"line":26,"column":3}}},"4":{"name":"(anonymous_5)","decl":{"start":{"line":25,"column":30},"end":{"line":25,"column":31}},"loc":{"start":{"line":25,"column":43},"end":{"line":25,"column":67}}},"5":{"name":"(anonymous_6)","decl":{"start":{"line":28,"column":9},"end":{"line":28,"column":20}},"loc":{"start":{"line":34,"column":3},"end":{"line":39,"column":3}}},"6":{"name":"(anonymous_7)","decl":{"start":{"line":41,"column":9},"end":{"line":41,"column":22}},"loc":{"start":{"line":43,"column":24},"end":{"line":59,"column":3}}},"7":{"name":"(anonymous_8)","decl":{"start":{"line":51,"column":6},"end":{"line":51,"column":7}},"loc":{"start":{"line":51,"column":19},"end":{"line":51,"column":43}}},"8":{"name":"(anonymous_9)","decl":{"start":{"line":61,"column":9},"end":{"line":61,"column":22}},"loc":{"start":{"line":61,"column":40},"end":{"line":70,"column":3}}},"9":{"name":"(anonymous_10)","decl":{"start":{"line":63,"column":6},"end":{"line":63,"column":7}},"loc":{"start":{"line":63,"column":19},"end":{"line":63,"column":43}}},"10":{"name":"(anonymous_11)","decl":{"start":{"line":72,"column":9},"end":{"line":72,"column":14}},"loc":{"start":{"line":72,"column":14},"end":{"line":74,"column":3}}},"11":{"name":"(anonymous_12)","decl":{"start":{"line":76,"column":9},"end":{"line":76,"column":19}},"loc":{"start":{"line":76,"column":19},"end":{"line":80,"column":3}}},"12":{"name":"(anonymous_13)","decl":{"start":{"line":78,"column":38},"end":{"line":78,"column":39}},"loc":{"start":{"line":78,"column":51},"end":{"line":78,"column":61}}}},"branchMap":{"0":{"loc":{"start":{"line":35,"column":4},"end":{"line":37,"column":5}},"type":"if","locations":[{"start":{"line":35,"column":4},"end":{"line":37,"column":5}},{"start":{},"end":{}}]},"1":{"loc":{"start":{"line":35,"column":8},"end":{"line":35,"column":48}},"type":"binary-expr","locations":[{"start":{"line":35,"column":8},"end":{"line":35,"column":26}},{"start":{"line":35,"column":30},"end":{"line":35,"column":48}}]},"2":{"loc":{"start":{"line":46,"column":4},"end":{"line":48,"column":5}},"type":"if","locations":[{"start":{"line":46,"column":4},"end":{"line":48,"column":5}},{"start":{},"end":{}}]},"3":{"loc":{"start":{"line":53,"column":4},"end":{"line":55,"column":5}},"type":"if","locations":[{"start":{"line":53,"column":4},"end":{"line":55,"column":5}},{"start":{},"end":{}}]},"4":{"loc":{"start":{"line":65,"column":4},"end":{"line":67,"column":5}},"type":"if","locations":[{"start":{"line":65,"column":4},"end":{"line":67,"column":5}},{"start":{},"end":{}}]},"5":{"loc":{"start":{"line":77,"column":11},"end":{"line":79,"column":9}},"type":"cond-expr","locations":[{"start":{"line":78,"column":8},"end":{"line":78,"column":67}},{"start":{"line":79,"column":8},"end":{"line":79,"column":9}}]}},"s":{"0":13,"1":13,"2":25,"3":32,"4":32,"5":32,"6":3,"7":2,"8":29,"9":30,"10":6,"11":4,"12":2,"13":4,"14":4,"15":1,"16":3,"17":4,"18":3,"19":0,"20":3,"21":3,"22":3,"23":3,"24":3,"25":3,"26":1,"27":2,"28":2,"29":53,"30":34,"31":16,"32":13,"33":13},"f":{"0":32,"1":3,"2":2,"3":29,"4":30,"5":6,"6":4,"7":4,"8":3,"9":3,"10":53,"11":34,"12":16},"b":{"0":[4,2],"1":[6,2],"2":[1,3],"3":[0,3],"4":[1,2],"5":[12,22]}}
,"/Users/develcode148/Documents/teste_software_banc-rio/bank/src/client/client.controller.ts": {"path":"/Users/develcode148/Documents/teste_software_banc-rio/bank/src/client/client.controller.ts","statementMap":{"0":{"start":{"line":1,"column":0},"end":{"line":1,"column":76}},"1":{"start":{"line":2,"column":0},"end":{"line":2,"column":49}},"2":{"start":{"line":3,"column":0},"end":{"line":3,"column":58}},"3":{"start":{"line":6,"column":7},"end":{"line":43,"column":null}},"4":{"start":{"line":7,"column":31},"end":{"line":7,"column":46}},"5":{"start":{"line":11,"column":4},"end":{"line":11,"column":54}},"6":{"start":{"line":16,"column":4},"end":{"line":16,"column":40}},"7":{"start":{"line":21,"column":4},"end":{"line":21,"column":45}},"8":{"start":{"line":26,"column":4},"end":{"line":26,"column":43}},"9":{"start":{"line":31,"column":4},"end":{"line":31,"column":54}},"10":{"start":{"line":36,"column":4},"end":{"line":36,"column":42}},"11":{"start":{"line":41,"column":4},"end":{"line":41,"column":38}},"12":{"start":{"line":6,"column":13},"end":{"line":6,"column":29}},"13":{"start":{"line":10,"column":2},"end":{"line":12,"column":null}},"14":{"start":{"line":15,"column":2},"end":{"line":17,"column":null}},"15":{"start":{"line":20,"column":2},"end":{"line":22,"column":null}},"16":{"start":{"line":25,"column":2},"end":{"line":27,"column":null}},"17":{"start":{"line":30,"column":2},"end":{"line":32,"column":null}},"18":{"start":{"line":35,"column":2},"end":{"line":37,"column":null}},"19":{"start":{"line":40,"column":2},"end":{"line":42,"column":null}},"20":{"start":{"line":6,"column":13},"end":{"line":43,"column":null}}},"fnMap":{"0":{"name":"(anonymous_4)","decl":{"start":{"line":7,"column":2},"end":{"line":7,"column":31}},"loc":{"start":{"line":7,"column":59},"end":{"line":7,"column":63}}},"1":{"name":"(anonymous_5)","decl":{"start":{"line":10,"column":2},"end":{"line":10,"column":8}},"loc":{"start":{"line":10,"column":49},"end":{"line":12,"column":3}}},"2":{"name":"(anonymous_6)","decl":{"start":{"line":15,"column":2},"end":{"line":15,"column":9}},"loc":{"start":{"line":15,"column":9},"end":{"line":17,"column":3}}},"3":{"name":"(anonymous_7)","decl":{"start":{"line":20,"column":2},"end":{"line":20,"column":14}},"loc":{"start":{"line":20,"column":14},"end":{"line":22,"column":3}}},"4":{"name":"(anonymous_8)","decl":{"start":{"line":25,"column":2},"end":{"line":25,"column":9}},"loc":{"start":{"line":25,"column":33},"end":{"line":27,"column":3}}},"5":{"name":"(anonymous_9)","decl":{"start":{"line":30,"column":2},"end":{"line":30,"column":8}},"loc":{"start":{"line":30,"column":32},"end":{"line":32,"column":3}}},"6":{"name":"(anonymous_10)","decl":{"start":{"line":35,"column":2},"end":{"line":35,"column":8}},"loc":{"start":{"line":35,"column":32},"end":{"line":37,"column":3}}},"7":{"name":"(anonymous_11)","decl":{"start":{"line":40,"column":2},"end":{"line":40,"column":7}},"loc":{"start":{"line":40,"column":7},"end":{"line":42,"column":3}}}},"branchMap":{"0":{"loc":{"start":{"line":10,"column":34},"end":{"line":10,"column":null}},"type":"cond-expr","locations":[{"start":{"line":10,"column":49},"end":{"line":10,"column":null}},{"start":{"line":10,"column":49},"end":{"line":10,"column":null}}]},"1":{"loc":{"start":{"line":10,"column":34},"end":{"line":10,"column":49}},"type":"binary-expr","locations":[{"start":{"line":10,"column":34},"end":{"line":10,"column":null}},{"start":{"line":10,"column":34},"end":{"line":10,"column":49}}]},"2":{"loc":{"start":{"line":7,"column":46},"end":{"line":7,"column":62}},"type":"cond-expr","locations":[{"start":{"line":7,"column":59},"end":{"line":7,"column":62}},{"start":{"line":7,"column":59},"end":{"line":7,"column":62}}]},"3":{"loc":{"start":{"line":7,"column":46},"end":{"line":7,"column":59}},"type":"binary-expr","locations":[{"start":{"line":7,"column":46},"end":{"line":7,"column":62}},{"start":{"line":7,"column":46},"end":{"line":7,"column":59}}]}},"s":{"0":9,"1":9,"2":9,"3":9,"4":9,"5":11,"6":2,"7":1,"8":2,"9":3,"10":2,"11":1,"12":9,"13":9,"14":9,"15":9,"16":9,"17":9,"18":9,"19":9,"20":9},"f":{"0":9,"1":11,"2":2,"3":1,"4":2,"5":3,"6":2,"7":1},"b":{"0":[9,0],"1":[9,9],"2":[9,0],"3":[9,9]}}
,"/Users/develcode148/Documents/teste_software_banc-rio/bank/src/client/client.module.ts": {"path":"/Users/develcode148/Documents/teste_software_banc-rio/bank/src/client/client.module.ts","statementMap":{"0":{"start":{"line":1,"column":0},"end":{"line":1,"column":40}},"1":{"start":{"line":2,"column":0},"end":{"line":2,"column":49}},"2":{"start":{"line":3,"column":0},"end":{"line":3,"column":55}},"3":{"start":{"line":4,"column":0},"end":{"line":4,"column":62}},"4":{"start":{"line":5,"column":0},"end":{"line":5,"column":58}},"5":{"start":{"line":12,"column":7},"end":{"line":12,"column":null}},"6":{"start":{"line":12,"column":13},"end":{"line":12,"column":25}},"7":{"start":{"line":12,"column":13},"end":{"line":12,"column":null}}},"fnMap":{},"branchMap":{},"s":{"0":8,"1":8,"2":8,"3":8,"4":8,"5":8,"6":8,"7":8},"f":{},"b":{}}
,"/Users/develcode148/Documents/teste_software_banc-rio/bank/src/client/client.service.ts": {"path":"/Users/develcode148/Documents/teste_software_banc-rio/bank/src/client/client.service.ts","statementMap":{"0":{"start":{"line":1,"column":0},"end":{"line":1,"column":63}},"1":{"start":{"line":3,"column":0},"end":{"line":3,"column":62}},"2":{"start":{"line":4,"column":0},"end":{"line":4,"column":73}},"3":{"start":{"line":5,"column":0},"end":{"line":5,"column":80}},"4":{"start":{"line":8,"column":7},"end":{"line":87,"column":null}},"5":{"start":{"line":10,"column":21},"end":{"line":10,"column":39}},"6":{"start":{"line":11,"column":21},"end":{"line":11,"column":40}},"7":{"start":{"line":15,"column":4},"end":{"line":15,"column":42}},"8":{"start":{"line":16,"column":20},"end":{"line":16,"column":77}},"9":{"start":{"line":17,"column":4},"end":{"line":19,"column":5}},"10":{"start":{"line":18,"column":6},"end":{"line":18,"column":72}},"11":{"start":{"line":20,"column":4},"end":{"line":20,"column":43}},"12":{"start":{"line":21,"column":4},"end":{"line":21,"column":60}},"13":{"start":{"line":25,"column":4},"end":{"line":25,"column":48}},"14":{"start":{"line":30,"column":20},"end":{"line":30,"column":56}},"15":{"start":{"line":31,"column":21},"end":{"line":31,"column":59}},"16":{"start":{"line":33,"column":25},"end":{"line":39,"column":6}},"17":{"start":{"line":34,"column":22},"end":{"line":34,"column":73}},"18":{"start":{"line":34,"column":45},"end":{"line":34,"column":72}},"19":{"start":{"line":35,"column":6},"end":{"line":38,"column":8}},"20":{"start":{"line":41,"column":4},"end":{"line":41,"column":24}},"21":{"start":{"line":45,"column":19},"end":{"line":45,"column":54}},"22":{"start":{"line":47,"column":4},"end":{"line":50,"column":5}},"23":{"start":{"line":49,"column":6},"end":{"line":49,"column":66}},"24":{"start":{"line":52,"column":4},"end":{"line":52,"column":18}},"25":{"start":{"line":56,"column":19},"end":{"line":56,"column":54}},"26":{"start":{"line":58,"column":4},"end":{"line":60,"column":5}},"27":{"start":{"line":59,"column":6},"end":{"line":59,"column":66}},"28":{"start":{"line":62,"column":4},"end":{"line":62,"column":25}},"29":{"start":{"line":66,"column":4},"end":{"line":68,"column":5}},"30":{"start":{"line":67,"column":6},"end":{"line":67,"column":71}},"31":{"start":{"line":69,"column":4},"end":{"line":69,"column":16}},"32":{"start":{"line":73,"column":20},"end":{"line":73,"column":55}},"33":{"start":{"line":74,"column":4},"end":{"line":76,"column":5}},"34":{"start":{"line":75,"column":6},"end":{"line":75,"column":66}},"35":{"start":{"line":78,"column":22},"end":{"line":78,"column":39}},"36":{"start":{"line":79,"column":4},"end":{"line":79,"column":52}},"37":{"start":{"line":80,"column":4},"end":{"line":80,"column":50}},"38":{"start":{"line":84,"column":4},"end":{"line":84,"column":35}},"39":{"start":{"line":85,"column":4},"end":{"line":85,"column":41}},"40":{"start":{"line":8,"column":13},"end":{"line":8,"column":26}},"41":{"start":{"line":8,"column":13},"end":{"line":87,"column":null}}},"fnMap":{"0":{"name":"(anonymous_2)","decl":{"start":{"line":9,"column":2},"end":{"line":9,"column":null}},"loc":{"start":{"line":11,"column":57},"end":{"line":12,"column":6}}},"1":{"name":"(anonymous_3)","decl":{"start":{"line":14,"column":2},"end":{"line":14,"column":8}},"loc":{"start":{"line":14,"column":41},"end":{"line":22,"column":3}}},"2":{"name":"(anonymous_4)","decl":{"start":{"line":24,"column":2},"end":{"line":24,"column":9}},"loc":{"start":{"line":24,"column":9},"end":{"line":26,"column":3}}},"3":{"name":"(anonymous_5)","decl":{"start":{"line":29,"column":2},"end":{"line":29,"column":14}},"loc":{"start":{"line":29,"column":14},"end":{"line":42,"column":3}}},"4":{"name":"(anonymous_6)","decl":{"start":{"line":33,"column":37},"end":{"line":33,"column":38}},"loc":{"start":{"line":33,"column":48},"end":{"line":39,"column":5}}},"5":{"name":"(anonymous_7)","decl":{"start":{"line":34,"column":36},"end":{"line":34,"column":37}},"loc":{"start":{"line":34,"column":45},"end":{"line":34,"column":72}}},"6":{"name":"(anonymous_8)","decl":{"start":{"line":44,"column":2},"end":{"line":44,"column":9}},"loc":{"start":{"line":44,"column":20},"end":{"line":53,"column":3}}},"7":{"name":"(anonymous_9)","decl":{"start":{"line":55,"column":2},"end":{"line":55,"column":8}},"loc":{"start":{"line":55,"column":19},"end":{"line":63,"column":3}}},"8":{"name":"(anonymous_10)","decl":{"start":{"line":65,"column":2},"end":{"line":65,"column":13}},"loc":{"start":{"line":65,"column":25},"end":{"line":70,"column":3}}},"9":{"name":"(anonymous_11)","decl":{"start":{"line":72,"column":2},"end":{"line":72,"column":8}},"loc":{"start":{"line":72,"column":19},"end":{"line":81,"column":3}}},"10":{"name":"(anonymous_12)","decl":{"start":{"line":83,"column":2},"end":{"line":83,"column":7}},"loc":{"start":{"line":83,"column":7},"end":{"line":86,"column":3}}}},"branchMap":{"0":{"loc":{"start":{"line":17,"column":4},"end":{"line":19,"column":5}},"type":"if","locations":[{"start":{"line":17,"column":4},"end":{"line":19,"column":5}},{"start":{},"end":{}}]},"1":{"loc":{"start":{"line":37,"column":17},"end":{"line":37,"column":32}},"type":"binary-expr","locations":[{"start":{"line":37,"column":17},"end":{"line":37,"column":24}},{"start":{"line":37,"column":28},"end":{"line":37,"column":32}}]},"2":{"loc":{"start":{"line":47,"column":4},"end":{"line":50,"column":5}},"type":"if","locations":[{"start":{"line":47,"column":4},"end":{"line":50,"column":5}},{"start":{},"end":{}}]},"3":{"loc":{"start":{"line":58,"column":4},"end":{"line":60,"column":5}},"type":"if","locations":[{"start":{"line":58,"column":4},"end":{"line":60,"column":5}},{"start":{},"end":{}}]},"4":{"loc":{"start":{"line":66,"column":4},"end":{"line":68,"column":5}},"type":"if","locations":[{"start":{"line":66,"column":4},"end":{"line":68,"column":5}},{"start":{},"end":{}}]},"5":{"loc":{"start":{"line":66,"column":8},"end":{"line":66,"column":28}},"type":"binary-expr","locations":[{"start":{"line":66,"column":8},"end":{"line":66,"column":16}},{"start":{"line":66,"column":20},"end":{"line":66,"column":28}}]},"6":{"loc":{"start":{"line":74,"column":4},"end":{"line":76,"column":5}},"type":"if","locations":[{"start":{"line":74,"column":4},"end":{"line":76,"column":5}},{"start":{},"end":{}}]},"7":{"loc":{"start":{"line":10,"column":39},"end":{"line":10,"column":null}},"type":"cond-expr","locations":[{"start":{"line":10,"column":55},"end":{"line":10,"column":null}},{"start":{"line":10,"column":55},"end":{"line":10,"column":null}}]},"8":{"loc":{"start":{"line":10,"column":39},"end":{"line":10,"column":55}},"type":"binary-expr","locations":[{"start":{"line":10,"column":39},"end":{"line":10,"column":null}},{"start":{"line":10,"column":39},"end":{"line":10,"column":55}}]},"9":{"loc":{"start":{"line":10,"column":55},"end":{"line":11,"column":null}},"type":"cond-expr","locations":[{"start":{"line":11,"column":57},"end":{"line":11,"column":null}},{"start":{"line":11,"column":57},"end":{"line":11,"column":null}}]},"10":{"loc":{"start":{"line":10,"column":55},"end":{"line":11,"column":57}},"type":"binary-expr","locations":[{"start":{"line":10,"column":55},"end":{"line":11,"column":null}},{"start":{"line":11,"column":40},"end":{"line":11,"column":57}}]}},"s":{"0":10,"1":10,"2":10,"3":10,"4":10,"5":13,"6":13,"7":13,"8":5,"9":5,"10":1,"11":4,"12":4,"13":2,"14":1,"15":1,"16":1,"17":1,"18":1,"19":1,"20":1,"21":2,"22":2,"23":1,"24":1,"25":3,"26":3,"27":1,"28":2,"29":16,"30":10,"31":6,"32":2,"33":2,"34":1,"35":1,"36":1,"37":1,"38":1,"39":1,"40":10,"41":10},"f":{"0":13,"1":13,"2":2,"3":1,"4":1,"5":1,"6":2,"7":3,"8":16,"9":2,"10":1},"b":{"0":[1,4],"1":[1,0],"2":[1,1],"3":[1,2],"4":[10,6],"5":[16,11],"6":[1,1],"7":[10,0],"8":[10,10],"9":[10,0],"10":[10,10]}}
,"/Users/develcode148/Documents/teste_software_banc-rio/bank/src/client/dto/create-client.dto.ts": {"path":"/Users/develcode148/Documents/teste_software_banc-rio/bank/src/client/dto/create-client.dto.ts","statementMap":{"0":{"start":{"line":1,"column":0},"end":{"line":1,"column":13}}},"fnMap":{},"branchMap":{},"s":{"0":9},"f":{},"b":{}}
,"/Users/develcode148/Documents/teste_software_banc-rio/bank/src/client/dto/update-client.dto.ts": {"path":"/Users/develcode148/Documents/teste_software_banc-rio/bank/src/client/dto/update-client.dto.ts","statementMap":{"0":{"start":{"line":1,"column":0},"end":{"line":1,"column":51}},"1":{"start":{"line":2,"column":0},"end":{"line":2,"column":54}},"2":{"start":{"line":4,"column":0},"end":{"line":4,"column":13}}},"fnMap":{},"branchMap":{},"s":{"0":0,"1":0,"2":0},"f":{},"b":{}}
,"/Users/develcode148/Documents/teste_software_banc-rio/bank/src/client/entity/client.repository.ts": {"path":"/Users/develcode148/Documents/teste_software_banc-rio/bank/src/client/entity/client.repository.ts","statementMap":{"0":{"start":{"line":1,"column":0},"end":{"line":1,"column":44}},"1":{"start":{"line":5,"column":7},"end":{"line":88,"column":null}},"2":{"start":{"line":6,"column":30},"end":{"line":6,"column":32}},"3":{"start":{"line":15,"column":30},"end":{"line":18,"column":6}},"4":{"start":{"line":19,"column":4},"end":{"line":19,"column":33}},"5":{"start":{"line":20,"column":4},"end":{"line":20,"column":21}},"6":{"start":{"line":24,"column":4},"end":{"line":24,"column":65}},"7":{"start":{"line":24,"column":41},"end":{"line":24,"column":63}},"8":{"start":{"line":28,"column":4},"end":{"line":28,"column":65}},"9":{"start":{"line":28,"column":41},"end":{"line":28,"column":63}},"10":{"start":{"line":32,"column":4},"end":{"line":32,"column":73}},"11":{"start":{"line":32,"column":41},"end":{"line":32,"column":71}},"12":{"start":{"line":42,"column":4},"end":{"line":44,"column":5}},"13":{"start":{"line":43,"column":6},"end":{"line":43,"column":26}},"14":{"start":{"line":45,"column":4},"end":{"line":45,"column":49}},"15":{"start":{"line":52,"column":27},"end":{"line":52,"column":51}},"16":{"start":{"line":53,"column":4},"end":{"line":55,"column":5}},"17":{"start":{"line":54,"column":6},"end":{"line":54,"column":23}},"18":{"start":{"line":57,"column":24},"end":{"line":58,"column":null}},"19":{"start":{"line":58,"column":18},"end":{"line":58,"column":40}},"20":{"start":{"line":60,"column":4},"end":{"line":62,"column":5}},"21":{"start":{"line":61,"column":6},"end":{"line":61,"column":23}},"22":{"start":{"line":63,"column":4},"end":{"line":63,"column":29}},"23":{"start":{"line":64,"column":4},"end":{"line":64,"column":43}},"24":{"start":{"line":65,"column":4},"end":{"line":65,"column":22}},"25":{"start":{"line":69,"column":24},"end":{"line":70,"column":null}},"26":{"start":{"line":70,"column":18},"end":{"line":70,"column":40}},"27":{"start":{"line":72,"column":4},"end":{"line":74,"column":5}},"28":{"start":{"line":73,"column":6},"end":{"line":73,"column":19}},"29":{"start":{"line":75,"column":4},"end":{"line":75,"column":40}},"30":{"start":{"line":76,"column":4},"end":{"line":76,"column":16}},"31":{"start":{"line":80,"column":4},"end":{"line":80,"column":22}},"32":{"start":{"line":84,"column":4},"end":{"line":86,"column":10}},"33":{"start":{"line":85,"column":49},"end":{"line":85,"column":58}},"34":{"start":{"line":5,"column":13},"end":{"line":5,"column":29}},"35":{"start":{"line":5,"column":13},"end":{"line":88,"column":null}}},"fnMap":{"0":{"name":"(anonymous_1)","decl":{"start":{"line":8,"column":9},"end":{"line":8,"column":18}},"loc":{"start":{"line":14,"column":3},"end":{"line":21,"column":3}}},"1":{"name":"(anonymous_2)","decl":{"start":{"line":23,"column":9},"end":{"line":23,"column":21}},"loc":{"start":{"line":23,"column":38},"end":{"line":25,"column":3}}},"2":{"name":"(anonymous_3)","decl":{"start":{"line":24,"column":29},"end":{"line":24,"column":30}},"loc":{"start":{"line":24,"column":41},"end":{"line":24,"column":63}}},"3":{"name":"(anonymous_4)","decl":{"start":{"line":27,"column":9},"end":{"line":27,"column":18}},"loc":{"start":{"line":27,"column":35},"end":{"line":29,"column":3}}},"4":{"name":"(anonymous_5)","decl":{"start":{"line":28,"column":29},"end":{"line":28,"column":30}},"loc":{"start":{"line":28,"column":41},"end":{"line":28,"column":63}}},"5":{"name":"(anonymous_6)","decl":{"start":{"line":31,"column":9},"end":{"line":31,"column":29}},"loc":{"start":{"line":31,"column":47},"end":{"line":33,"column":3}}},"6":{"name":"(anonymous_7)","decl":{"start":{"line":32,"column":29},"end":{"line":32,"column":30}},"loc":{"start":{"line":32,"column":41},"end":{"line":32,"column":71}}},"7":{"name":"(anonymous_8)","decl":{"start":{"line":35,"column":9},"end":{"line":35,"column":19}},"loc":{"start":{"line":41,"column":3},"end":{"line":46,"column":3}}},"8":{"name":"(anonymous_9)","decl":{"start":{"line":48,"column":9},"end":{"line":48,"column":21}},"loc":{"start":{"line":50,"column":22},"end":{"line":66,"column":3}}},"9":{"name":"(anonymous_10)","decl":{"start":{"line":58,"column":6},"end":{"line":58,"column":7}},"loc":{"start":{"line":58,"column":18},"end":{"line":58,"column":40}}},"10":{"name":"(anonymous_11)","decl":{"start":{"line":68,"column":9},"end":{"line":68,"column":21}},"loc":{"start":{"line":68,"column":38},"end":{"line":77,"column":3}}},"11":{"name":"(anonymous_12)","decl":{"start":{"line":70,"column":6},"end":{"line":70,"column":7}},"loc":{"start":{"line":70,"column":18},"end":{"line":70,"column":40}}},"12":{"name":"(anonymous_13)","decl":{"start":{"line":79,"column":9},"end":{"line":79,"column":14}},"loc":{"start":{"line":79,"column":14},"end":{"line":81,"column":3}}},"13":{"name":"(anonymous_14)","decl":{"start":{"line":83,"column":10},"end":{"line":83,"column":20}},"loc":{"start":{"line":83,"column":20},"end":{"line":87,"column":3}}},"14":{"name":"(anonymous_15)","decl":{"start":{"line":85,"column":37},"end":{"line":85,"column":38}},"loc":{"start":{"line":85,"column":49},"end":{"line":85,"column":58}}}},"branchMap":{"0":{"loc":{"start":{"line":42,"column":4},"end":{"line":44,"column":5}},"type":"if","locations":[{"start":{"line":42,"column":4},"end":{"line":44,"column":5}},{"start":{},"end":{}}]},"1":{"loc":{"start":{"line":42,"column":8},"end":{"line":42,"column":48}},"type":"binary-expr","locations":[{"start":{"line":42,"column":8},"end":{"line":42,"column":26}},{"start":{"line":42,"column":30},"end":{"line":42,"column":48}}]},"2":{"loc":{"start":{"line":53,"column":4},"end":{"line":55,"column":5}},"type":"if","locations":[{"start":{"line":53,"column":4},"end":{"line":55,"column":5}},{"start":{},"end":{}}]},"3":{"loc":{"start":{"line":60,"column":4},"end":{"line":62,"column":5}},"type":"if","locations":[{"start":{"line":60,"column":4},"end":{"line":62,"column":5}},{"start":{},"end":{}}]},"4":{"loc":{"start":{"line":72,"column":4},"end":{"line":74,"column":5}},"type":"if","locations":[{"start":{"line":72,"column":4},"end":{"line":74,"column":5}},{"start":{},"end":{}}]},"5":{"loc":{"start":{"line":84,"column":11},"end":{"line":86,"column":9}},"type":"cond-expr","locations":[{"start":{"line":85,"column":8},"end":{"line":85,"column":64}},{"start":{"line":86,"column":8},"end":{"line":86,"column":9}}]}},"s":{"0":11,"1":11,"2":25,"3":27,"4":27,"5":27,"6":5,"7":3,"8":16,"9":11,"10":3,"11":3,"12":8,"13":6,"14":2,"15":3,"16":3,"17":1,"18":2,"19":2,"20":2,"21":0,"22":2,"23":2,"24":2,"25":4,"26":4,"27":4,"28":1,"29":3,"30":3,"31":34,"32":27,"33":11,"34":11,"35":11},"f":{"0":27,"1":5,"2":3,"3":16,"4":11,"5":3,"6":3,"7":8,"8":3,"9":2,"10":4,"11":4,"12":34,"13":27,"14":11},"b":{"0":[6,2],"1":[8,2],"2":[1,2],"3":[0,2],"4":[1,3],"5":[8,19]}}
,"/Users/develcode148/Documents/teste_software_banc-rio/bank/src/exceptions/age-not-permited.filter.ts": {"path":"/Users/develcode148/Documents/teste_software_banc-rio/bank/src/exceptions/age-not-permited.filter.ts","statementMap":{"0":{"start":{"line":1,"column":0},"end":{"line":1,"column":null}},"1":{"start":{"line":8,"column":0},"end":{"line":8,"column":68}},"2":{"start":{"line":11,"column":7},"end":{"line":25,"column":null}},"3":{"start":{"line":13,"column":16},"end":{"line":13,"column":35}},"4":{"start":{"line":14,"column":21},"end":{"line":14,"column":48}},"5":{"start":{"line":15,"column":20},"end":{"line":15,"column":45}},"6":{"start":{"line":16,"column":19},"end":{"line":16,"column":41}},"7":{"start":{"line":18,"column":4},"end":{"line":23,"column":7}},"8":{"start":{"line":11,"column":13},"end":{"line":11,"column":42}},"9":{"start":{"line":11,"column":13},"end":{"line":25,"column":null}}},"fnMap":{"0":{"name":"(anonymous_1)","decl":{"start":{"line":12,"column":2},"end":{"line":12,"column":7}},"loc":{"start":{"line":12,"column":63},"end":{"line":24,"column":3}}}},"branchMap":{},"s":{"0":8,"1":8,"2":8,"3":6,"4":6,"5":6,"6":6,"7":6,"8":8,"9":8},"f":{"0":6},"b":{}}
,"/Users/develcode148/Documents/teste_software_banc-rio/bank/src/exceptions/ageNotPermitedException.ts": {"path":"/Users/develcode148/Documents/teste_software_banc-rio/bank/src/exceptions/ageNotPermitedException.ts","statementMap":{"0":{"start":{"line":3,"column":4},"end":{"line":3,"column":19}},"1":{"start":{"line":4,"column":4},"end":{"line":4,"column":38}},"2":{"start":{"line":5,"column":4},"end":{"line":5,"column":52}},"3":{"start":{"line":1,"column":0},"end":{"line":1,"column":13}}},"fnMap":{"0":{"name":"(anonymous_0)","decl":{"start":{"line":2,"column":2},"end":{"line":2,"column":14}},"loc":{"start":{"line":2,"column":21},"end":{"line":6,"column":3}}}},"branchMap":{},"s":{"0":10,"1":10,"2":10,"3":10},"f":{"0":10},"b":{}}
,"/Users/develcode148/Documents/teste_software_banc-rio/bank/test/app.e2e-spec.ts": {"path":"/Users/develcode148/Documents/teste_software_banc-rio/bank/test/app.e2e-spec.ts","statementMap":{"0":{"start":{"line":1,"column":0},"end":{"line":1,"column":54}},"1":{"start":{"line":3,"column":0},"end":{"line":3,"column":32}},"2":{"start":{"line":5,"column":0},"end":{"line":5,"column":48}},"3":{"start":{"line":7,"column":0},"end":{"line":25,"column":3}},"4":{"start":{"line":10,"column":2},"end":{"line":17,"column":5}},"5":{"start":{"line":11,"column":41},"end":{"line":13,"column":16}},"6":{"start":{"line":15,"column":4},"end":{"line":15,"column":48}},"7":{"start":{"line":16,"column":4},"end":{"line":16,"column":21}},"8":{"start":{"line":19,"column":2},"end":{"line":24,"column":5}},"9":{"start":{"line":20,"column":4},"end":{"line":23,"column":30}}},"fnMap":{"0":{"name":"(anonymous_1)","decl":{"start":{"line":7,"column":32},"end":{"line":7,"column":35}},"loc":{"start":{"line":7,"column":37},"end":{"line":25,"column":1}}},"1":{"name":"(anonymous_2)","decl":{"start":{"line":10,"column":13},"end":{"line":10,"column":18}},"loc":{"start":{"line":10,"column":24},"end":{"line":17,"column":3}}},"2":{"name":"(anonymous_3)","decl":{"start":{"line":19,"column":16},"end":{"line":19,"column":19}},"loc":{"start":{"line":19,"column":21},"end":{"line":24,"column":3}}}},"branchMap":{},"s":{"0":0,"1":0,"2":0,"3":0,"4":0,"5":0,"6":0,"7":0,"8":0,"9":0},"f":{"0":0,"1":0,"2":0},"b":{}}
,"/Users/develcode148/Documents/teste_software_banc-rio/bank/test/steps/account/update-status-account.ts": {"path":"/Users/develcode148/Documents/teste_software_banc-rio/bank/test/steps/account/update-status-account.ts","statementMap":{"0":{"start":{"line":1,"column":0},"end":{"line":1,"column":59}},"1":{"start":{"line":2,"column":0},"end":{"line":2,"column":29}},"2":{"start":{"line":3,"column":0},"end":{"line":3,"column":32}},"3":{"start":{"line":4,"column":0},"end":{"line":4,"column":54}},"4":{"start":{"line":6,"column":0},"end":{"line":6,"column":52}},"5":{"start":{"line":7,"column":0},"end":{"line":7,"column":83}},"6":{"start":{"line":10,"column":16},"end":{"line":11,"column":null}},"7":{"start":{"line":14,"column":0},"end":{"line":117,"column":3}},"8":{"start":{"line":20,"column":2},"end":{"line":27,"column":5}},"9":{"start":{"line":21,"column":41},"end":{"line":23,"column":16}},"10":{"start":{"line":24,"column":4},"end":{"line":24,"column":48}},"11":{"start":{"line":25,"column":4},"end":{"line":25,"column":21}},"12":{"start":{"line":26,"column":4},"end":{"line":26,"column":67}},"13":{"start":{"line":29,"column":2},"end":{"line":31,"column":5}},"14":{"start":{"line":30,"column":4},"end":{"line":30,"column":17}},"15":{"start":{"line":32,"column":2},"end":{"line":34,"column":5}},"16":{"start":{"line":33,"column":4},"end":{"line":33,"column":22}},"17":{"start":{"line":36,"column":2},"end":{"line":58,"column":5}},"18":{"start":{"line":37,"column":4},"end":{"line":41,"column":7}},"19":{"start":{"line":38,"column":6},"end":{"line":38,"column":39}},"20":{"start":{"line":39,"column":6},"end":{"line":39,"column":33}},"21":{"start":{"line":40,"column":6},"end":{"line":40,"column":39}},"22":{"start":{"line":43,"column":4},"end":{"line":47,"column":7}},"23":{"start":{"line":44,"column":6},"end":{"line":46,"column":8}},"24":{"start":{"line":49,"column":4},"end":{"line":52,"column":7}},"25":{"start":{"line":50,"column":6},"end":{"line":50,"column":40}},"26":{"start":{"line":51,"column":6},"end":{"line":51,"column":39}},"27":{"start":{"line":54,"column":4},"end":{"line":57,"column":7}},"28":{"start":{"line":55,"column":29},"end":{"line":55,"column":56}},"29":{"start":{"line":56,"column":6},"end":{"line":56,"column":48}},"30":{"start":{"line":60,"column":2},"end":{"line":82,"column":5}},"31":{"start":{"line":61,"column":4},"end":{"line":65,"column":7}},"32":{"start":{"line":62,"column":6},"end":{"line":62,"column":40}},"33":{"start":{"line":63,"column":6},"end":{"line":63,"column":33}},"34":{"start":{"line":64,"column":6},"end":{"line":64,"column":40}},"35":{"start":{"line":67,"column":4},"end":{"line":71,"column":7}},"36":{"start":{"line":68,"column":6},"end":{"line":70,"column":8}},"37":{"start":{"line":73,"column":4},"end":{"line":76,"column":7}},"38":{"start":{"line":74,"column":6},"end":{"line":74,"column":40}},"39":{"start":{"line":75,"column":6},"end":{"line":75,"column":39}},"40":{"start":{"line":78,"column":4},"end":{"line":81,"column":7}},"41":{"start":{"line":79,"column":29},"end":{"line":79,"column":56}},"42":{"start":{"line":80,"column":6},"end":{"line":80,"column":47}},"43":{"start":{"line":84,"column":2},"end":{"line":99,"column":5}},"44":{"start":{"line":85,"column":4},"end":{"line":87,"column":7}},"45":{"start":{"line":86,"column":6},"end":{"line":86,"column":51}},"46":{"start":{"line":89,"column":4},"end":{"line":93,"column":7}},"47":{"start":{"line":90,"column":6},"end":{"line":92,"column":8}},"48":{"start":{"line":95,"column":4},"end":{"line":98,"column":7}},"49":{"start":{"line":96,"column":6},"end":{"line":96,"column":40}},"50":{"start":{"line":97,"column":6},"end":{"line":97,"column":40}},"51":{"start":{"line":101,"column":2},"end":{"line":116,"column":5}},"52":{"start":{"line":102,"column":4},"end":{"line":104,"column":7}},"53":{"start":{"line":103,"column":6},"end":{"line":103,"column":51}},"54":{"start":{"line":106,"column":4},"end":{"line":110,"column":7}},"55":{"start":{"line":107,"column":6},"end":{"line":109,"column":8}},"56":{"start":{"line":112,"column":4},"end":{"line":115,"column":7}},"57":{"start":{"line":113,"column":6},"end":{"line":113,"column":40}},"58":{"start":{"line":114,"column":6},"end":{"line":114,"column":40}}},"fnMap":{"0":{"name":"(anonymous_10)","decl":{"start":{"line":14,"column":23},"end":{"line":14,"column":24}},"loc":{"start":{"line":14,"column":32},"end":{"line":117,"column":1}}},"1":{"name":"(anonymous_11)","decl":{"start":{"line":20,"column":12},"end":{"line":20,"column":17}},"loc":{"start":{"line":20,"column":23},"end":{"line":27,"column":3}}},"2":{"name":"(anonymous_12)","decl":{"start":{"line":29,"column":13},"end":{"line":29,"column":16}},"loc":{"start":{"line":29,"column":18},"end":{"line":31,"column":3}}},"3":{"name":"(anonymous_13)","decl":{"start":{"line":32,"column":11},"end":{"line":32,"column":16}},"loc":{"start":{"line":32,"column":22},"end":{"line":34,"column":3}}},"4":{"name":"(anonymous_14)","decl":{"start":{"line":36,"column":36},"end":{"line":36,"column":37}},"loc":{"start":{"line":36,"column":67},"end":{"line":58,"column":3}}},"5":{"name":"(anonymous_15)","decl":{"start":{"line":37,"column":53},"end":{"line":37,"column":56}},"loc":{"start":{"line":37,"column":58},"end":{"line":41,"column":5}}},"6":{"name":"(anonymous_16)","decl":{"start":{"line":43,"column":49},"end":{"line":43,"column":54}},"loc":{"start":{"line":43,"column":60},"end":{"line":47,"column":5}}},"7":{"name":"(anonymous_17)","decl":{"start":{"line":49,"column":47},"end":{"line":49,"column":50}},"loc":{"start":{"line":49,"column":52},"end":{"line":52,"column":5}}},"8":{"name":"(anonymous_18)","decl":{"start":{"line":54,"column":50},"end":{"line":54,"column":53}},"loc":{"start":{"line":54,"column":55},"end":{"line":57,"column":5}}},"9":{"name":"(anonymous_19)","decl":{"start":{"line":60,"column":35},"end":{"line":60,"column":36}},"loc":{"start":{"line":60,"column":66},"end":{"line":82,"column":3}}},"10":{"name":"(anonymous_20)","decl":{"start":{"line":61,"column":55},"end":{"line":61,"column":58}},"loc":{"start":{"line":61,"column":60},"end":{"line":65,"column":5}}},"11":{"name":"(anonymous_21)","decl":{"start":{"line":67,"column":46},"end":{"line":67,"column":51}},"loc":{"start":{"line":67,"column":57},"end":{"line":71,"column":5}}},"12":{"name":"(anonymous_22)","decl":{"start":{"line":73,"column":47},"end":{"line":73,"column":50}},"loc":{"start":{"line":73,"column":52},"end":{"line":76,"column":5}}},"13":{"name":"(anonymous_23)","decl":{"start":{"line":78,"column":48},"end":{"line":78,"column":51}},"loc":{"start":{"line":78,"column":53},"end":{"line":81,"column":5}}},"14":{"name":"(anonymous_24)","decl":{"start":{"line":84,"column":49},"end":{"line":84,"column":50}},"loc":{"start":{"line":84,"column":75},"end":{"line":99,"column":3}}},"15":{"name":"(anonymous_25)","decl":{"start":{"line":85,"column":46},"end":{"line":85,"column":49}},"loc":{"start":{"line":85,"column":51},"end":{"line":87,"column":5}}},"16":{"name":"(anonymous_26)","decl":{"start":{"line":89,"column":51},"end":{"line":89,"column":56}},"loc":{"start":{"line":89,"column":62},"end":{"line":93,"column":5}}},"17":{"name":"(anonymous_27)","decl":{"start":{"line":95,"column":45},"end":{"line":95,"column":48}},"loc":{"start":{"line":95,"column":50},"end":{"line":98,"column":5}}},"18":{"name":"(anonymous_28)","decl":{"start":{"line":101,"column":46},"end":{"line":101,"column":47}},"loc":{"start":{"line":101,"column":72},"end":{"line":116,"column":3}}},"19":{"name":"(anonymous_29)","decl":{"start":{"line":102,"column":46},"end":{"line":102,"column":49}},"loc":{"start":{"line":102,"column":51},"end":{"line":104,"column":5}}},"20":{"name":"(anonymous_30)","decl":{"start":{"line":106,"column":48},"end":{"line":106,"column":53}},"loc":{"start":{"line":106,"column":59},"end":{"line":110,"column":5}}},"21":{"name":"(anonymous_31)","decl":{"start":{"line":112,"column":45},"end":{"line":112,"column":48}},"loc":{"start":{"line":112,"column":50},"end":{"line":115,"column":5}}}},"branchMap":{},"s":{"0":0,"1":0,"2":0,"3":0,"4":0,"5":0,"6":0,"7":0,"8":0,"9":0,"10":0,"11":0,"12":0,"13":0,"14":0,"15":0,"16":0,"17":0,"18":0,"19":0,"20":0,"21":0,"22":0,"23":0,"24":0,"25":0,"26":0,"27":0,"28":0,"29":0,"30":0,"31":0,"32":0,"33":0,"34":0,"35":0,"36":0,"37":0,"38":0,"39":0,"40":0,"41":0,"42":0,"43":0,"44":0,"45":0,"46":0,"47":0,"48":0,"49":0,"50":0,"51":0,"52":0,"53":0,"54":0,"55":0,"56":0,"57":0,"58":0},"f":{"0":0,"1":0,"2":0,"3":0,"4":0,"5":0,"6":0,"7":0,"8":0,"9":0,"10":0,"11":0,"12":0,"13":0,"14":0,"15":0,"16":0,"17":0,"18":0,"19":0,"20":0,"21":0},"b":{}}
}
