TN:
SF:cucumber.js
FNF:0
FNH:0
DA:1,0
LF:1
LH:0
BRF:0
BRH:0
end_of_record
TN:
SF:src/app.controller.ts
FN:6,(anonymous_2)
FNF:1
FNH:0
FNDA:0,(anonymous_2)
DA:1,8
DA:4,8
DA:6,8
DA:7,0
LF:4
LH:3
BRF:0
BRH:0
end_of_record
TN:
SF:src/app.module.ts
FNF:0
FNH:0
DA:1,8
DA:2,8
DA:3,8
DA:4,8
DA:5,8
DA:6,8
DA:18,8
LF:7
LH:7
BRF:0
BRH:0
end_of_record
TN:
SF:src/main.ts
FN:4,bootstrap
FNF:1
FNH:0
FNDA:0,bootstrap
DA:1,0
DA:2,0
DA:5,0
DA:6,0
DA:8,0
LF:5
LH:0
BRDA:6,0,0,0
BRDA:6,0,1,0
BRF:2
BRH:0
end_of_record
TN:
SF:src/account/account.controller.ts
FN:15,(anonymous_13)
FN:18,(anonymous_14)
FN:23,(anonymous_15)
FN:34,(anonymous_16)
FN:40,(anonymous_17)
FN:56,(anonymous_18)
FN:61,(anonymous_19)
FNF:7
FNH:7
FNDA:14,(anonymous_13)
FNDA:2,(anonymous_14)
FNDA:3,(anonymous_15)
FNDA:4,(anonymous_16)
FNDA:10,(anonymous_17)
FNDA:1,(anonymous_18)
FNDA:1,(anonymous_19)
DA:1,9
DA:10,9
DA:11,9
DA:14,9
DA:15,14
DA:18,9
DA:19,2
DA:23,9
DA:25,3
DA:26,3
DA:28,1
DA:30,2
DA:34,9
DA:35,4
DA:36,3
DA:40,9
DA:48,10
DA:56,9
DA:57,1
DA:61,9
DA:62,1
LF:21
LH:21
BRDA:26,0,0,1
BRDA:26,0,1,2
BRDA:23,1,0,0
BRDA:23,1,1,9
BRDA:23,2,0,9
BRDA:23,2,1,9
BRDA:15,3,0,9
BRDA:15,3,1,0
BRDA:15,4,0,9
BRDA:15,4,1,9
BRF:10
BRH:8
end_of_record
TN:
SF:src/account/account.module.ts
FNF:0
FNH:0
DA:1,8
DA:2,8
DA:3,8
DA:4,8
DA:11,8
LF:5
LH:5
BRF:0
BRH:0
end_of_record
TN:
SF:src/account/account.service.ts
FN:14,(anonymous_2)
FN:16,(anonymous_3)
FN:20,(anonymous_4)
FN:25,(anonymous_5)
FN:35,(anonymous_6)
FN:81,(anonymous_7)
FN:91,(anonymous_8)
FNF:7
FNH:7
FNDA:23,(anonymous_2)
FNDA:2,(anonymous_3)
FNDA:3,(anonymous_4)
FNDA:6,(anonymous_5)
FNDA:20,(anonymous_6)
FNDA:2,(anonymous_7)
FNDA:2,(anonymous_8)
DA:1,10
DA:7,10
DA:13,10
DA:14,23
DA:17,2
DA:21,3
DA:26,6
DA:27,6
DA:28,2
DA:30,4
DA:40,20
DA:41,4
DA:44,16
DA:45,3
DA:50,13
DA:51,13
DA:54,13
DA:55,4
DA:59,9
DA:60,4
DA:64,5
DA:65,3
DA:71,2
DA:72,2
DA:75,2
DA:76,2
DA:78,2
DA:82,2
DA:83,2
DA:84,1
DA:85,1
DA:86,1
DA:88,1
DA:92,2
DA:93,2
DA:94,1
DA:95,1
DA:96,1
DA:98,1
LF:39
LH:39
BRDA:27,0,0,2
BRDA:27,0,1,4
BRDA:40,1,0,4
BRDA:40,1,1,16
BRDA:44,2,0,3
BRDA:44,2,1,13
BRDA:54,3,0,4
BRDA:54,3,1,9
BRDA:54,4,0,13
BRDA:54,4,1,10
BRDA:59,5,0,4
BRDA:59,5,1,5
BRDA:59,6,0,9
BRDA:59,6,1,6
BRDA:64,7,0,3
BRDA:64,7,1,2
BRDA:83,8,0,1
BRDA:83,8,1,1
BRDA:93,9,0,1
BRDA:93,9,1,1
BRDA:14,10,0,10
BRDA:14,10,1,0
BRDA:14,11,0,10
BRDA:14,11,1,10
BRF:24
BRH:23
end_of_record
TN:
SF:src/account/dto/create-account.dto.ts
FNF:0
FNH:0
DA:1,0
LF:1
LH:0
BRF:0
BRH:0
end_of_record
TN:
SF:src/account/dto/update-account.dto.ts
FNF:0
FNH:0
DA:1,0
DA:2,0
DA:4,0
LF:3
LH:0
BRF:0
BRH:0
end_of_record
TN:
SF:src/account/entity/account.repository.ts
FN:10,(anonymous_1)
FN:20,(anonymous_2)
FN:21,(anonymous_3)
FN:24,(anonymous_4)
FN:25,(anonymous_5)
FN:28,(anonymous_6)
FN:41,(anonymous_7)
FN:51,(anonymous_8)
FN:61,(anonymous_9)
FN:63,(anonymous_10)
FN:72,(anonymous_11)
FN:76,(anonymous_12)
FN:78,(anonymous_13)
FNF:13
FNH:13
FNDA:32,(anonymous_1)
FNDA:3,(anonymous_2)
FNDA:2,(anonymous_3)
FNDA:29,(anonymous_4)
FNDA:30,(anonymous_5)
FNDA:6,(anonymous_6)
FNDA:4,(anonymous_7)
FNDA:4,(anonymous_8)
FNDA:3,(anonymous_9)
FNDA:3,(anonymous_10)
FNDA:53,(anonymous_11)
FNDA:34,(anonymous_12)
FNDA:16,(anonymous_13)
DA:3,13
DA:7,13
DA:8,25
DA:11,32
DA:16,32
DA:17,32
DA:21,3
DA:25,30
DA:35,6
DA:36,4
DA:38,2
DA:45,4
DA:46,4
DA:47,1
DA:50,3
DA:51,4
DA:53,3
DA:54,0
DA:56,3
DA:57,3
DA:58,3
DA:62,3
DA:63,3
DA:65,3
DA:66,1
DA:68,2
DA:69,2
DA:73,53
DA:77,34
DA:78,16
LF:30
LH:29
BRDA:35,0,0,4
BRDA:35,0,1,2
BRDA:35,1,0,6
BRDA:35,1,1,2
BRDA:46,2,0,1
BRDA:46,2,1,3
BRDA:53,3,0,0
BRDA:53,3,1,3
BRDA:65,4,0,1
BRDA:65,4,1,2
BRDA:77,5,0,12
BRDA:77,5,1,22
BRF:12
BRH:11
end_of_record
TN:
SF:src/client/client.controller.ts
FN:7,(anonymous_4)
FN:10,(anonymous_5)
FN:15,(anonymous_6)
FN:20,(anonymous_7)
FN:25,(anonymous_8)
FN:30,(anonymous_9)
FN:35,(anonymous_10)
FN:40,(anonymous_11)
FNF:8
FNH:8
FNDA:9,(anonymous_4)
FNDA:11,(anonymous_5)
FNDA:2,(anonymous_6)
FNDA:1,(anonymous_7)
FNDA:2,(anonymous_8)
FNDA:3,(anonymous_9)
FNDA:2,(anonymous_10)
FNDA:1,(anonymous_11)
DA:1,9
DA:2,9
DA:3,9
DA:6,9
DA:7,9
DA:10,9
DA:11,11
DA:15,9
DA:16,2
DA:20,9
DA:21,1
DA:25,9
DA:26,2
DA:30,9
DA:31,3
DA:35,9
DA:36,2
DA:40,9
DA:41,1
LF:19
LH:19
BRDA:10,0,0,9
BRDA:10,0,1,0
BRDA:10,1,0,9
BRDA:10,1,1,9
BRDA:7,2,0,9
BRDA:7,2,1,0
BRDA:7,3,0,9
BRDA:7,3,1,9
BRF:8
BRH:6
end_of_record
TN:
SF:src/client/client.module.ts
FNF:0
FNH:0
DA:1,8
DA:2,8
DA:3,8
DA:4,8
DA:5,8
DA:12,8
LF:6
LH:6
BRF:0
BRH:0
end_of_record
TN:
SF:src/client/client.service.ts
FN:9,(anonymous_2)
FN:14,(anonymous_3)
FN:24,(anonymous_4)
FN:29,(anonymous_5)
FN:33,(anonymous_6)
FN:34,(anonymous_7)
FN:44,(anonymous_8)
FN:55,(anonymous_9)
FN:65,(anonymous_10)
FN:72,(anonymous_11)
FN:83,(anonymous_12)
FNF:11
FNH:11
FNDA:13,(anonymous_2)
FNDA:13,(anonymous_3)
FNDA:2,(anonymous_4)
FNDA:1,(anonymous_5)
FNDA:1,(anonymous_6)
FNDA:1,(anonymous_7)
FNDA:2,(anonymous_8)
FNDA:3,(anonymous_9)
FNDA:16,(anonymous_10)
FNDA:2,(anonymous_11)
FNDA:1,(anonymous_12)
DA:1,10
DA:3,10
DA:4,10
DA:5,10
DA:8,10
DA:10,13
DA:11,13
DA:15,13
DA:16,5
DA:17,5
DA:18,1
DA:20,4
DA:21,4
DA:25,2
DA:30,1
DA:31,1
DA:33,1
DA:34,1
DA:35,1
DA:41,1
DA:45,2
DA:47,2
DA:49,1
DA:52,1
DA:56,3
DA:58,3
DA:59,1
DA:62,2
DA:66,16
DA:67,10
DA:69,6
DA:73,2
DA:74,2
DA:75,1
DA:78,1
DA:79,1
DA:80,1
DA:84,1
DA:85,1
LF:39
LH:39
BRDA:17,0,0,1
BRDA:17,0,1,4
BRDA:37,1,0,1
BRDA:37,1,1,0
BRDA:47,2,0,1
BRDA:47,2,1,1
BRDA:58,3,0,1
BRDA:58,3,1,2
BRDA:66,4,0,10
BRDA:66,4,1,6
BRDA:66,5,0,16
BRDA:66,5,1,11
BRDA:74,6,0,1
BRDA:74,6,1,1
BRDA:10,7,0,10
BRDA:10,7,1,0
BRDA:10,8,0,10
BRDA:10,8,1,10
BRDA:10,9,0,10
BRDA:10,9,1,0
BRDA:10,10,0,10
BRDA:10,10,1,10
BRF:22
BRH:19
end_of_record
TN:
SF:src/client/dto/create-client.dto.ts
FNF:0
FNH:0
DA:1,9
LF:1
LH:1
BRF:0
BRH:0
end_of_record
TN:
SF:src/client/dto/update-client.dto.ts
FNF:0
FNH:0
DA:1,0
DA:2,0
DA:4,0
LF:3
LH:0
BRF:0
BRH:0
end_of_record
TN:
SF:src/client/entity/client.repository.ts
FN:8,(anonymous_1)
FN:23,(anonymous_2)
FN:24,(anonymous_3)
FN:27,(anonymous_4)
FN:28,(anonymous_5)
FN:31,(anonymous_6)
FN:32,(anonymous_7)
FN:35,(anonymous_8)
FN:48,(anonymous_9)
FN:58,(anonymous_10)
FN:68,(anonymous_11)
FN:70,(anonymous_12)
FN:79,(anonymous_13)
FN:83,(anonymous_14)
FN:85,(anonymous_15)
FNF:15
FNH:15
FNDA:27,(anonymous_1)
FNDA:5,(anonymous_2)
FNDA:3,(anonymous_3)
FNDA:16,(anonymous_4)
FNDA:11,(anonymous_5)
FNDA:3,(anonymous_6)
FNDA:3,(anonymous_7)
FNDA:8,(anonymous_8)
FNDA:3,(anonymous_9)
FNDA:2,(anonymous_10)
FNDA:4,(anonymous_11)
FNDA:4,(anonymous_12)
FNDA:34,(anonymous_13)
FNDA:27,(anonymous_14)
FNDA:11,(anonymous_15)
DA:1,11
DA:5,11
DA:6,25
DA:15,27
DA:19,27
DA:20,27
DA:24,5
DA:28,16
DA:32,3
DA:42,8
DA:43,6
DA:45,2
DA:52,3
DA:53,3
DA:54,1
DA:57,2
DA:58,2
DA:60,2
DA:61,0
DA:63,2
DA:64,2
DA:65,2
DA:69,4
DA:70,4
DA:72,4
DA:73,1
DA:75,3
DA:76,3
DA:80,34
DA:84,27
DA:85,11
LF:31
LH:30
BRDA:42,0,0,6
BRDA:42,0,1,2
BRDA:42,1,0,8
BRDA:42,1,1,2
BRDA:53,2,0,1
BRDA:53,2,1,2
BRDA:60,3,0,0
BRDA:60,3,1,2
BRDA:72,4,0,1
BRDA:72,4,1,3
BRDA:84,5,0,8
BRDA:84,5,1,19
BRF:12
BRH:11
end_of_record
TN:
SF:src/exceptions/age-not-permited.filter.ts
FN:12,(anonymous_1)
FNF:1
FNH:1
FNDA:6,(anonymous_1)
DA:1,8
DA:8,8
DA:11,8
DA:13,6
DA:14,6
DA:15,6
DA:16,6
DA:18,6
LF:8
LH:8
BRF:0
BRH:0
end_of_record
TN:
SF:src/exceptions/ageNotPermitedException.ts
FN:2,(anonymous_0)
FNF:1
FNH:1
FNDA:10,(anonymous_0)
DA:1,10
DA:3,10
DA:4,10
DA:5,10
LF:4
LH:4
BRF:0
BRH:0
end_of_record
TN:
SF:test/app.e2e-spec.ts
FN:7,(anonymous_1)
FN:10,(anonymous_2)
FN:19,(anonymous_3)
FNF:3
FNH:0
FNDA:0,(anonymous_1)
FNDA:0,(anonymous_2)
FNDA:0,(anonymous_3)
DA:1,0
DA:3,0
DA:5,0
DA:7,0
DA:10,0
DA:11,0
DA:15,0
DA:16,0
DA:19,0
DA:20,0
LF:10
LH:0
BRF:0
BRH:0
end_of_record
TN:
SF:test/steps/account/update-status-account.ts
FN:14,(anonymous_10)
FN:20,(anonymous_11)
FN:29,(anonymous_12)
FN:32,(anonymous_13)
FN:36,(anonymous_14)
FN:37,(anonymous_15)
FN:43,(anonymous_16)
FN:49,(anonymous_17)
FN:54,(anonymous_18)
FN:60,(anonymous_19)
FN:61,(anonymous_20)
FN:67,(anonymous_21)
FN:73,(anonymous_22)
FN:78,(anonymous_23)
FN:84,(anonymous_24)
FN:85,(anonymous_25)
FN:89,(anonymous_26)
FN:95,(anonymous_27)
FN:101,(anonymous_28)
FN:102,(anonymous_29)
FN:106,(anonymous_30)
FN:112,(anonymous_31)
FNF:22
FNH:0
FNDA:0,(anonymous_10)
FNDA:0,(anonymous_11)
FNDA:0,(anonymous_12)
FNDA:0,(anonymous_13)
FNDA:0,(anonymous_14)
FNDA:0,(anonymous_15)
FNDA:0,(anonymous_16)
FNDA:0,(anonymous_17)
FNDA:0,(anonymous_18)
FNDA:0,(anonymous_19)
FNDA:0,(anonymous_20)
FNDA:0,(anonymous_21)
FNDA:0,(anonymous_22)
FNDA:0,(anonymous_23)
FNDA:0,(anonymous_24)
FNDA:0,(anonymous_25)
FNDA:0,(anonymous_26)
FNDA:0,(anonymous_27)
FNDA:0,(anonymous_28)
FNDA:0,(anonymous_29)
FNDA:0,(anonymous_30)
FNDA:0,(anonymous_31)
DA:1,0
DA:2,0
DA:3,0
DA:4,0
DA:6,0
DA:7,0
DA:10,0
DA:14,0
DA:20,0
DA:21,0
DA:24,0
DA:25,0
DA:26,0
DA:29,0
DA:30,0
DA:32,0
DA:33,0
DA:36,0
DA:37,0
DA:38,0
DA:39,0
DA:40,0
DA:43,0
DA:44,0
DA:49,0
DA:50,0
DA:51,0
DA:54,0
DA:55,0
DA:56,0
DA:60,0
DA:61,0
DA:62,0
DA:63,0
DA:64,0
DA:67,0
DA:68,0
DA:73,0
DA:74,0
DA:75,0
DA:78,0
DA:79,0
DA:80,0
DA:84,0
DA:85,0
DA:86,0
DA:89,0
DA:90,0
DA:95,0
DA:96,0
DA:97,0
DA:101,0
DA:102,0
DA:103,0
DA:106,0
DA:107,0
DA:112,0
DA:113,0
DA:114,0
LF:59
LH:0
BRF:0
BRH:0
end_of_record
